\BOOKMARK [0][-]{chapter.1}{\376\377\000p\000y\000g\000e\000n\000a\000l\000g\000o}{}% 1
\BOOKMARK [1][-]{section.1.1}{\376\377\000p\000y\000g\000e\000n\000a\000l\000g\000o\000\040\000p\000a\000c\000k\000a\000g\000e}{chapter.1}% 2
\BOOKMARK [2][-]{subsection.1.1.1}{\376\377\000S\000u\000b\000p\000a\000c\000k\000a\000g\000e\000s}{section.1.1}% 3
\BOOKMARK [3][-]{subsubsection*.3}{\376\377\000p\000y\000g\000e\000n\000a\000l\000g\000o\000.\000e\000n\000g\000i\000n\000e\000s\000\040\000p\000a\000c\000k\000a\000g\000e}{subsection.1.1.1}% 4
\BOOKMARK [4][-]{paragraph*.4}{\376\377\000S\000u\000b\000m\000o\000d\000u\000l\000e\000s}{subsubsection*.3}% 5
\BOOKMARK [4][-]{paragraph*.5}{\376\377\000p\000y\000g\000e\000n\000a\000l\000g\000o\000.\000e\000n\000g\000i\000n\000e\000s\000.\000a\000u\000x\000i\000l\000i\000a\000r\000y\000\040\000m\000o\000d\000u\000l\000e}{subsubsection*.3}% 6
\BOOKMARK [4][-]{paragraph*.12}{\376\377\000p\000y\000g\000e\000n\000a\000l\000g\000o\000.\000e\000n\000g\000i\000n\000e\000s\000.\000g\000e\000n\000e\000r\000i\000c\000\137\000g\000a\000\040\000m\000o\000d\000u\000l\000e}{subsubsection*.3}% 7
\BOOKMARK [4][-]{paragraph*.28}{\376\377\000p\000y\000g\000e\000n\000a\000l\000g\000o\000.\000e\000n\000g\000i\000n\000e\000s\000.\000i\000s\000l\000a\000n\000d\000\137\000m\000o\000d\000e\000l\000\137\000g\000a\000\040\000m\000o\000d\000u\000l\000e}{subsubsection*.3}% 8
\BOOKMARK [4][-]{paragraph*.36}{\376\377\000p\000y\000g\000e\000n\000a\000l\000g\000o\000.\000e\000n\000g\000i\000n\000e\000s\000.\000s\000t\000a\000n\000d\000a\000r\000d\000\137\000g\000a\000\040\000m\000o\000d\000u\000l\000e}{subsubsection*.3}% 9
\BOOKMARK [4][-]{paragraph*.44}{\376\377\000M\000o\000d\000u\000l\000e\000\040\000c\000o\000n\000t\000e\000n\000t\000s}{subsubsection*.3}% 10
\BOOKMARK [3][-]{subsubsection*.45}{\376\377\000p\000y\000g\000e\000n\000a\000l\000g\000o\000.\000g\000e\000n\000o\000m\000e\000\040\000p\000a\000c\000k\000a\000g\000e}{subsection.1.1.1}% 11
\BOOKMARK [4][-]{paragraph*.46}{\376\377\000S\000u\000b\000m\000o\000d\000u\000l\000e\000s}{subsubsection*.45}% 12
\BOOKMARK [4][-]{paragraph*.47}{\376\377\000p\000y\000g\000e\000n\000a\000l\000g\000o\000.\000g\000e\000n\000o\000m\000e\000.\000c\000h\000r\000o\000m\000o\000s\000o\000m\000e\000\040\000m\000o\000d\000u\000l\000e}{subsubsection*.45}% 13
\BOOKMARK [4][-]{paragraph*.55}{\376\377\000p\000y\000g\000e\000n\000a\000l\000g\000o\000.\000g\000e\000n\000o\000m\000e\000.\000g\000e\000n\000e\000\040\000m\000o\000d\000u\000l\000e}{subsubsection*.45}% 14
\BOOKMARK [4][-]{paragraph*.63}{\376\377\000M\000o\000d\000u\000l\000e\000\040\000c\000o\000n\000t\000e\000n\000t\000s}{subsubsection*.45}% 15
\BOOKMARK [3][-]{subsubsection*.64}{\376\377\000p\000y\000g\000e\000n\000a\000l\000g\000o\000.\000o\000p\000e\000r\000a\000t\000o\000r\000s\000\040\000p\000a\000c\000k\000a\000g\000e}{subsection.1.1.1}% 16
\BOOKMARK [4][-]{paragraph*.65}{\376\377\000S\000u\000b\000p\000a\000c\000k\000a\000g\000e\000s}{subsubsection*.64}% 17
\BOOKMARK [5][-]{subparagraph*.66}{\376\377\000p\000y\000g\000e\000n\000a\000l\000g\000o\000.\000o\000p\000e\000r\000a\000t\000o\000r\000s\000.\000c\000r\000o\000s\000s\000o\000v\000e\000r\000\040\000p\000a\000c\000k\000a\000g\000e}{paragraph*.65}% 18
\BOOKMARK [5][-]{subparagraph*.67}{\376\377\000S\000u\000b\000m\000o\000d\000u\000l\000e\000s}{paragraph*.65}% 19
\BOOKMARK [5][-]{subparagraph*.68}{\376\377\000p\000y\000g\000e\000n\000a\000l\000g\000o\000.\000o\000p\000e\000r\000a\000t\000o\000r\000s\000.\000c\000r\000o\000s\000s\000o\000v\000e\000r\000.\000c\000r\000o\000s\000s\000o\000v\000e\000r\000\137\000o\000p\000e\000r\000a\000t\000o\000r\000\040\000m\000o\000d\000u\000l\000e}{paragraph*.65}% 20
\BOOKMARK [5][-]{subparagraph*.71}{\376\377\000p\000y\000g\000e\000n\000a\000l\000g\000o\000.\000o\000p\000e\000r\000a\000t\000o\000r\000s\000.\000c\000r\000o\000s\000s\000o\000v\000e\000r\000.\000m\000e\000t\000a\000\137\000c\000r\000o\000s\000s\000o\000v\000e\000r\000\040\000m\000o\000d\000u\000l\000e}{paragraph*.65}% 21
\BOOKMARK [5][-]{subparagraph*.76}{\376\377\000p\000y\000g\000e\000n\000a\000l\000g\000o\000.\000o\000p\000e\000r\000a\000t\000o\000r\000s\000.\000c\000r\000o\000s\000s\000o\000v\000e\000r\000.\000m\000u\000t\000l\000i\000\137\000p\000o\000i\000n\000t\000\137\000c\000r\000o\000s\000s\000o\000v\000e\000r\000\040\000m\000o\000d\000u\000l\000e}{paragraph*.65}% 22
\BOOKMARK [5][-]{subparagraph*.79}{\376\377\000p\000y\000g\000e\000n\000a\000l\000g\000o\000.\000o\000p\000e\000r\000a\000t\000o\000r\000s\000.\000c\000r\000o\000s\000s\000o\000v\000e\000r\000.\000o\000r\000d\000e\000r\000\137\000c\000r\000o\000s\000s\000o\000v\000e\000r\000\040\000m\000o\000d\000u\000l\000e}{paragraph*.65}% 23
\BOOKMARK [5][-]{subparagraph*.82}{\376\377\000p\000y\000g\000e\000n\000a\000l\000g\000o\000.\000o\000p\000e\000r\000a\000t\000o\000r\000s\000.\000c\000r\000o\000s\000s\000o\000v\000e\000r\000.\000p\000a\000r\000t\000i\000a\000l\000l\000y\000\137\000m\000a\000p\000p\000e\000d\000\137\000c\000r\000o\000s\000s\000o\000v\000e\000r\000\040\000m\000o\000d\000u\000l\000e}{paragraph*.65}% 24
\BOOKMARK [5][-]{subparagraph*.85}{\376\377\000p\000y\000g\000e\000n\000a\000l\000g\000o\000.\000o\000p\000e\000r\000a\000t\000o\000r\000s\000.\000c\000r\000o\000s\000s\000o\000v\000e\000r\000.\000p\000o\000s\000i\000t\000i\000o\000n\000\137\000b\000a\000s\000e\000d\000\137\000c\000r\000o\000s\000s\000o\000v\000e\000r\000\040\000m\000o\000d\000u\000l\000e}{paragraph*.65}% 25
\BOOKMARK [5][-]{subparagraph*.88}{\376\377\000p\000y\000g\000e\000n\000a\000l\000g\000o\000.\000o\000p\000e\000r\000a\000t\000o\000r\000s\000.\000c\000r\000o\000s\000s\000o\000v\000e\000r\000.\000s\000i\000n\000g\000l\000e\000\137\000p\000o\000i\000n\000t\000\137\000c\000r\000o\000s\000s\000o\000v\000e\000r\000\040\000m\000o\000d\000u\000l\000e}{paragraph*.65}% 26
\BOOKMARK [5][-]{subparagraph*.91}{\376\377\000p\000y\000g\000e\000n\000a\000l\000g\000o\000.\000o\000p\000e\000r\000a\000t\000o\000r\000s\000.\000c\000r\000o\000s\000s\000o\000v\000e\000r\000.\000u\000n\000i\000f\000o\000r\000m\000\137\000c\000r\000o\000s\000s\000o\000v\000e\000r\000\040\000m\000o\000d\000u\000l\000e}{paragraph*.65}% 27
\BOOKMARK [5][-]{subparagraph*.94}{\376\377\000M\000o\000d\000u\000l\000e\000\040\000c\000o\000n\000t\000e\000n\000t\000s}{paragraph*.65}% 28
\BOOKMARK [5][-]{subparagraph*.95}{\376\377\000p\000y\000g\000e\000n\000a\000l\000g\000o\000.\000o\000p\000e\000r\000a\000t\000o\000r\000s\000.\000m\000i\000g\000r\000a\000t\000i\000o\000n\000\040\000p\000a\000c\000k\000a\000g\000e}{paragraph*.65}% 29
\BOOKMARK [5][-]{subparagraph*.96}{\376\377\000S\000u\000b\000m\000o\000d\000u\000l\000e\000s}{paragraph*.65}% 30
\BOOKMARK [5][-]{subparagraph*.97}{\376\377\000p\000y\000g\000e\000n\000a\000l\000g\000o\000.\000o\000p\000e\000r\000a\000t\000o\000r\000s\000.\000m\000i\000g\000r\000a\000t\000i\000o\000n\000.\000c\000l\000o\000c\000k\000w\000i\000s\000e\000\137\000m\000i\000g\000r\000a\000t\000i\000o\000n\000\040\000m\000o\000d\000u\000l\000e}{paragraph*.65}% 31
\BOOKMARK [5][-]{subparagraph*.100}{\376\377\000p\000y\000g\000e\000n\000a\000l\000g\000o\000.\000o\000p\000e\000r\000a\000t\000o\000r\000s\000.\000m\000i\000g\000r\000a\000t\000i\000o\000n\000.\000m\000e\000t\000a\000\137\000m\000i\000g\000r\000a\000t\000i\000o\000n\000\040\000m\000o\000d\000u\000l\000e}{paragraph*.65}% 32
\BOOKMARK [5][-]{subparagraph*.105}{\376\377\000p\000y\000g\000e\000n\000a\000l\000g\000o\000.\000o\000p\000e\000r\000a\000t\000o\000r\000s\000.\000m\000i\000g\000r\000a\000t\000i\000o\000n\000.\000m\000i\000g\000r\000a\000t\000i\000o\000n\000\137\000o\000p\000e\000r\000a\000t\000o\000r\000\040\000m\000o\000d\000u\000l\000e}{paragraph*.65}% 33
\BOOKMARK [5][-]{subparagraph*.108}{\376\377\000p\000y\000g\000e\000n\000a\000l\000g\000o\000.\000o\000p\000e\000r\000a\000t\000o\000r\000s\000.\000m\000i\000g\000r\000a\000t\000i\000o\000n\000.\000r\000a\000n\000d\000o\000m\000\137\000m\000i\000g\000r\000a\000t\000i\000o\000n\000\040\000m\000o\000d\000u\000l\000e}{paragraph*.65}% 34
\BOOKMARK [5][-]{subparagraph*.111}{\376\377\000M\000o\000d\000u\000l\000e\000\040\000c\000o\000n\000t\000e\000n\000t\000s}{paragraph*.65}% 35
\BOOKMARK [5][-]{subparagraph*.112}{\376\377\000p\000y\000g\000e\000n\000a\000l\000g\000o\000.\000o\000p\000e\000r\000a\000t\000o\000r\000s\000.\000m\000u\000t\000a\000t\000i\000o\000n\000\040\000p\000a\000c\000k\000a\000g\000e}{paragraph*.65}% 36
\BOOKMARK [5][-]{subparagraph*.113}{\376\377\000S\000u\000b\000m\000o\000d\000u\000l\000e\000s}{paragraph*.65}% 37
\BOOKMARK [5][-]{subparagraph*.114}{\376\377\000p\000y\000g\000e\000n\000a\000l\000g\000o\000.\000o\000p\000e\000r\000a\000t\000o\000r\000s\000.\000m\000u\000t\000a\000t\000i\000o\000n\000.\000f\000l\000i\000p\000\137\000m\000u\000t\000a\000t\000o\000r\000\040\000m\000o\000d\000u\000l\000e}{paragraph*.65}% 38
\BOOKMARK [5][-]{subparagraph*.117}{\376\377\000p\000y\000g\000e\000n\000a\000l\000g\000o\000.\000o\000p\000e\000r\000a\000t\000o\000r\000s\000.\000m\000u\000t\000a\000t\000i\000o\000n\000.\000g\000a\000u\000s\000s\000i\000a\000n\000\137\000m\000u\000t\000a\000t\000o\000r\000\040\000m\000o\000d\000u\000l\000e}{paragraph*.65}% 39
\BOOKMARK [5][-]{subparagraph*.120}{\376\377\000p\000y\000g\000e\000n\000a\000l\000g\000o\000.\000o\000p\000e\000r\000a\000t\000o\000r\000s\000.\000m\000u\000t\000a\000t\000i\000o\000n\000.\000i\000n\000v\000e\000r\000s\000e\000\137\000m\000u\000t\000a\000t\000o\000r\000\040\000m\000o\000d\000u\000l\000e}{paragraph*.65}% 40
\BOOKMARK [5][-]{subparagraph*.123}{\376\377\000p\000y\000g\000e\000n\000a\000l\000g\000o\000.\000o\000p\000e\000r\000a\000t\000o\000r\000s\000.\000m\000u\000t\000a\000t\000i\000o\000n\000.\000m\000e\000t\000a\000\137\000m\000u\000t\000a\000t\000o\000r\000\040\000m\000o\000d\000u\000l\000e}{paragraph*.65}% 41
\BOOKMARK [5][-]{subparagraph*.128}{\376\377\000p\000y\000g\000e\000n\000a\000l\000g\000o\000.\000o\000p\000e\000r\000a\000t\000o\000r\000s\000.\000m\000u\000t\000a\000t\000i\000o\000n\000.\000m\000u\000t\000a\000t\000e\000\137\000o\000p\000e\000r\000a\000t\000o\000r\000\040\000m\000o\000d\000u\000l\000e}{paragraph*.65}% 42
\BOOKMARK [5][-]{subparagraph*.131}{\376\377\000p\000y\000g\000e\000n\000a\000l\000g\000o\000.\000o\000p\000e\000r\000a\000t\000o\000r\000s\000.\000m\000u\000t\000a\000t\000i\000o\000n\000.\000r\000a\000n\000d\000o\000m\000\137\000m\000u\000t\000a\000t\000o\000r\000\040\000m\000o\000d\000u\000l\000e}{paragraph*.65}% 43
\BOOKMARK [5][-]{subparagraph*.134}{\376\377\000p\000y\000g\000e\000n\000a\000l\000g\000o\000.\000o\000p\000e\000r\000a\000t\000o\000r\000s\000.\000m\000u\000t\000a\000t\000i\000o\000n\000.\000s\000h\000u\000f\000f\000l\000e\000\137\000m\000u\000t\000a\000t\000o\000r\000\040\000m\000o\000d\000u\000l\000e}{paragraph*.65}% 44
\BOOKMARK [5][-]{subparagraph*.137}{\376\377\000p\000y\000g\000e\000n\000a\000l\000g\000o\000.\000o\000p\000e\000r\000a\000t\000o\000r\000s\000.\000m\000u\000t\000a\000t\000i\000o\000n\000.\000s\000w\000a\000p\000\137\000m\000u\000t\000a\000t\000o\000r\000\040\000m\000o\000d\000u\000l\000e}{paragraph*.65}% 45
\BOOKMARK [5][-]{subparagraph*.140}{\376\377\000M\000o\000d\000u\000l\000e\000\040\000c\000o\000n\000t\000e\000n\000t\000s}{paragraph*.65}% 46
\BOOKMARK [5][-]{subparagraph*.141}{\376\377\000p\000y\000g\000e\000n\000a\000l\000g\000o\000.\000o\000p\000e\000r\000a\000t\000o\000r\000s\000.\000s\000e\000l\000e\000c\000t\000i\000o\000n\000\040\000p\000a\000c\000k\000a\000g\000e}{paragraph*.65}% 47
\BOOKMARK [5][-]{subparagraph*.142}{\376\377\000S\000u\000b\000m\000o\000d\000u\000l\000e\000s}{paragraph*.65}% 48
\BOOKMARK [5][-]{subparagraph*.143}{\376\377\000p\000y\000g\000e\000n\000a\000l\000g\000o\000.\000o\000p\000e\000r\000a\000t\000o\000r\000s\000.\000s\000e\000l\000e\000c\000t\000i\000o\000n\000.\000b\000o\000l\000t\000z\000m\000a\000n\000n\000\137\000s\000e\000l\000e\000c\000t\000o\000r\000\040\000m\000o\000d\000u\000l\000e}{paragraph*.65}% 49
\BOOKMARK [5][-]{subparagraph*.146}{\376\377\000p\000y\000g\000e\000n\000a\000l\000g\000o\000.\000o\000p\000e\000r\000a\000t\000o\000r\000s\000.\000s\000e\000l\000e\000c\000t\000i\000o\000n\000.\000l\000i\000n\000e\000a\000r\000\137\000r\000a\000n\000k\000\137\000s\000e\000l\000e\000c\000t\000o\000r\000\040\000m\000o\000d\000u\000l\000e}{paragraph*.65}% 50
\BOOKMARK [5][-]{subparagraph*.149}{\376\377\000p\000y\000g\000e\000n\000a\000l\000g\000o\000.\000o\000p\000e\000r\000a\000t\000o\000r\000s\000.\000s\000e\000l\000e\000c\000t\000i\000o\000n\000.\000r\000a\000n\000d\000o\000m\000\137\000s\000e\000l\000e\000c\000t\000o\000r\000\040\000m\000o\000d\000u\000l\000e}{paragraph*.65}% 51
\BOOKMARK [5][-]{subparagraph*.152}{\376\377\000p\000y\000g\000e\000n\000a\000l\000g\000o\000.\000o\000p\000e\000r\000a\000t\000o\000r\000s\000.\000s\000e\000l\000e\000c\000t\000i\000o\000n\000.\000r\000o\000u\000l\000e\000t\000t\000e\000\137\000w\000h\000e\000e\000l\000\137\000s\000e\000l\000e\000c\000t\000o\000r\000\040\000m\000o\000d\000u\000l\000e}{paragraph*.65}% 52
\BOOKMARK [5][-]{subparagraph*.155}{\376\377\000p\000y\000g\000e\000n\000a\000l\000g\000o\000.\000o\000p\000e\000r\000a\000t\000o\000r\000s\000.\000s\000e\000l\000e\000c\000t\000i\000o\000n\000.\000s\000e\000l\000e\000c\000t\000\137\000o\000p\000e\000r\000a\000t\000o\000r\000\040\000m\000o\000d\000u\000l\000e}{paragraph*.65}% 53
\BOOKMARK [5][-]{subparagraph*.158}{\376\377\000p\000y\000g\000e\000n\000a\000l\000g\000o\000.\000o\000p\000e\000r\000a\000t\000o\000r\000s\000.\000s\000e\000l\000e\000c\000t\000i\000o\000n\000.\000s\000t\000o\000c\000h\000a\000s\000t\000i\000c\000\137\000u\000n\000i\000v\000e\000r\000s\000a\000l\000\137\000s\000e\000l\000e\000c\000t\000o\000r\000\040\000m\000o\000d\000u\000l\000e}{paragraph*.65}% 54
\BOOKMARK [5][-]{subparagraph*.161}{\376\377\000p\000y\000g\000e\000n\000a\000l\000g\000o\000.\000o\000p\000e\000r\000a\000t\000o\000r\000s\000.\000s\000e\000l\000e\000c\000t\000i\000o\000n\000.\000t\000o\000u\000r\000n\000a\000m\000e\000n\000t\000\137\000s\000e\000l\000e\000c\000t\000o\000r\000\040\000m\000o\000d\000u\000l\000e}{paragraph*.65}% 55
\BOOKMARK [5][-]{subparagraph*.164}{\376\377\000p\000y\000g\000e\000n\000a\000l\000g\000o\000.\000o\000p\000e\000r\000a\000t\000o\000r\000s\000.\000s\000e\000l\000e\000c\000t\000i\000o\000n\000.\000t\000r\000u\000n\000c\000a\000t\000i\000o\000n\000\137\000s\000e\000l\000e\000c\000t\000o\000r\000\040\000m\000o\000d\000u\000l\000e}{paragraph*.65}% 56
\BOOKMARK [5][-]{subparagraph*.167}{\376\377\000M\000o\000d\000u\000l\000e\000\040\000c\000o\000n\000t\000e\000n\000t\000s}{paragraph*.65}% 57
\BOOKMARK [4][-]{paragraph*.168}{\376\377\000S\000u\000b\000m\000o\000d\000u\000l\000e\000s}{subsubsection*.64}% 58
\BOOKMARK [4][-]{paragraph*.169}{\376\377\000p\000y\000g\000e\000n\000a\000l\000g\000o\000.\000o\000p\000e\000r\000a\000t\000o\000r\000s\000.\000g\000e\000n\000e\000t\000i\000c\000\137\000o\000p\000e\000r\000a\000t\000o\000r\000\040\000m\000o\000d\000u\000l\000e}{subsubsection*.64}% 59
\BOOKMARK [4][-]{paragraph*.178}{\376\377\000M\000o\000d\000u\000l\000e\000\040\000c\000o\000n\000t\000e\000n\000t\000s}{subsubsection*.64}% 60
\BOOKMARK [2][-]{subsection.1.1.2}{\376\377\000M\000o\000d\000u\000l\000e\000\040\000c\000o\000n\000t\000e\000n\000t\000s}{section.1.1}% 61
\BOOKMARK [0][-]{chapter.2}{\376\377\000I\000n\000d\000i\000c\000e\000s\000\040\000a\000n\000d\000\040\000t\000a\000b\000l\000e\000s}{}% 62
\BOOKMARK [0][-]{section*.179}{\376\377\000P\000y\000t\000h\000o\000n\000\040\000M\000o\000d\000u\000l\000e\000\040\000I\000n\000d\000e\000x}{}% 63
\BOOKMARK [0][-]{section*.180}{\376\377\000I\000n\000d\000e\000x}{}% 64
